# JRE version: 7.0_07-b10
# Java VM: Java HotSpot(TM) 64-Bit Server VM (23.3-b01 mixed mode windows-amd64 compressed oops)
Heap
 PSYoungGen      total 134912K, used 87599K [0x00000000f5560000, 0x0000000100000000, 0x0000000100000000)
  eden space 99008K, 63% used [0x00000000f5560000,0x00000000f92a9cc0,0x00000000fb610000)
  from space 35904K, 69% used [0x00000000fd980000,0x00000000ff1c2178,0x00000000ffc90000)
  to   space 36288K, 0% used [0x00000000fb610000,0x00000000fb610000,0x00000000fd980000)
 ParOldGen       total 142464K, used 70089K [0x00000000e0000000, 0x00000000e8b20000, 0x00000000f5560000)
  object space 142464K, 49% used [0x00000000e0000000,0x00000000e44725d8,0x00000000e8b20000)
 PSPermGen       total 43072K, used 42943K [0x00000000dae00000, 0x00000000dd810000, 0x00000000e0000000)
  object space 43072K, 99% used [0x00000000dae00000,0x00000000dd7effc0,0x00000000dd810000)
GC Heap History (10 events):
Event: 16.210 GC heap before
{Heap before GC invocations=8 (full 2):
 PSYoungGen      total 134912K, used 129536K [0x00000000f5560000, 0x0000000100000000, 0x0000000100000000)
  eden space 129536K, 100% used [0x00000000f5560000,0x00000000fd3e0000,0x00000000fd3e0000)
  from space 5376K, 0% used [0x00000000fd3e0000,0x00000000fd3e0000,0x00000000fd920000)
  to   space 5376K, 0% used [0x00000000ffac0000,0x00000000ffac0000,0x0000000100000000)
 ParOldGen       total 142464K, used 66668K [0x00000000e0000000, 0x00000000e8b20000, 0x00000000f5560000)
  object space 142464K, 46% used [0x00000000e0000000,0x00000000e411b248,0x00000000e8b20000)
 PSPermGen       total 31744K, used 23663K [0x00000000dae00000, 0x00000000dcd00000, 0x00000000e0000000)
  object space 31744K, 74% used [0x00000000dae00000,0x00000000dc51bcf8,0x00000000dcd00000)
Event: 16.223 GC heap after
Heap after GC invocations=8 (full 2):
 PSYoungGen      total 110976K, used 5358K [0x00000000f5560000, 0x0000000100000000, 0x0000000100000000)
  eden space 105600K, 0% used [0x00000000f5560000,0x00000000f5560000,0x00000000fbc80000)
  from space 5376K, 99% used [0x00000000ffac0000,0x00000000ffffbb90,0x0000000100000000)
  to   space 34560K, 0% used [0x00000000fbc80000,0x00000000fbc80000,0x00000000fde40000)
 ParOldGen       total 142464K, used 70065K [0x00000000e0000000, 0x00000000e8b20000, 0x00000000f5560000)
  object space 142464K, 49% used [0x00000000e0000000,0x00000000e446c5d8,0x00000000e8b20000)
 PSPermGen       total 31744K, used 23663K [0x00000000dae00000, 0x00000000dcd00000, 0x00000000e0000000)
  object space 31744K, 74% used [0x00000000dae00000,0x00000000dc51bcf8,0x00000000dcd00000)
}
Event: 17.258 GC heap before
{Heap before GC invocations=9 (full 2):
 PSYoungGen      total 110976K, used 110958K [0x00000000f5560000, 0x0000000100000000, 0x0000000100000000)
  eden space 105600K, 100% used [0x00000000f5560000,0x00000000fbc80000,0x00000000fbc80000)
  from space 5376K, 99% used [0x00000000ffac0000,0x00000000ffffbb90,0x0000000100000000)
  to   space 34560K, 0% used [0x00000000fbc80000,0x00000000fbc80000,0x00000000fde40000)
 ParOldGen       total 142464K, used 70065K [0x00000000e0000000, 0x00000000e8b20000, 0x00000000f5560000)
  object space 142464K, 49% used [0x00000000e0000000,0x00000000e446c5d8,0x00000000e8b20000)
 PSPermGen       total 31744K, used 25531K [0x00000000dae00000, 0x00000000dcd00000, 0x00000000e0000000)
  object space 31744K, 80% used [0x00000000dae00000,0x00000000dc6eee58,0x00000000dcd00000)
Event: 17.280 GC heap after
Heap after GC invocations=9 (full 2):
 PSYoungGen      total 135936K, used 30290K [0x00000000f5560000, 0x0000000100000000, 0x0000000100000000)
  eden space 105600K, 0% used [0x00000000f5560000,0x00000000f5560000,0x00000000fbc80000)
  from space 30336K, 99% used [0x00000000fbc80000,0x00000000fda14948,0x00000000fda20000)
  to   space 38784K, 0% used [0x00000000fda20000,0x00000000fda20000,0x0000000100000000)
 ParOldGen       total 142464K, used 70073K [0x00000000e0000000, 0x00000000e8b20000, 0x00000000f5560000)
  object space 142464K, 49% used [0x00000000e0000000,0x00000000e446e5d8,0x00000000e8b20000)
 PSPermGen       total 31744K, used 25531K [0x00000000dae00000, 0x00000000dcd00000, 0x00000000e0000000)
  object space 31744K, 80% used [0x00000000dae00000,0x00000000dc6eee58,0x00000000dcd00000)
}
Event: 18.797 GC heap before
{Heap before GC invocations=10 (full 2):
 PSYoungGen      total 135936K, used 135890K [0x00000000f5560000, 0x0000000100000000, 0x0000000100000000)
  eden space 105600K, 100% used [0x00000000f5560000,0x00000000fbc80000,0x00000000fbc80000)
  from space 30336K, 99% used [0x00000000fbc80000,0x00000000fda14948,0x00000000fda20000)
  to   space 38784K, 0% used [0x00000000fda20000,0x00000000fda20000,0x0000000100000000)
 ParOldGen       total 142464K, used 70073K [0x00000000e0000000, 0x00000000e8b20000, 0x00000000f5560000)
  object space 142464K, 49% used [0x00000000e0000000,0x00000000e446e5d8,0x00000000e8b20000)
 PSPermGen       total 31744K, used 28138K [0x00000000dae00000, 0x00000000dcd00000, 0x00000000e0000000)
  object space 31744K, 88% used [0x00000000dae00000,0x00000000dc97aae0,0x00000000dcd00000)
Event: 18.825 GC heap after
Heap after GC invocations=10 (full 2):
 PSYoungGen      total 138176K, used 17981K [0x00000000f5560000, 0x0000000100000000, 0x0000000100000000)
  eden space 99392K, 0% used [0x00000000f5560000,0x00000000f5560000,0x00000000fb670000)
  from space 38784K, 46% used [0x00000000fda20000,0x00000000febaf700,0x0000000100000000)
  to   space 36544K, 0% used [0x00000000fb670000,0x00000000fb670000,0x00000000fda20000)
 ParOldGen       total 142464K, used 70081K [0x00000000e0000000, 0x00000000e8b20000, 0x00000000f5560000)
  object space 142464K, 49% used [0x00000000e0000000,0x00000000e44705d8,0x00000000e8b20000)
 PSPermGen       total 31744K, used 28138K [0x00000000dae00000, 0x00000000dcd00000, 0x00000000e0000000)
  object space 31744K, 88% used [0x00000000dae00000,0x00000000dc97aae0,0x00000000dcd00000)
}
Event: 22.918 GC heap before
{Heap before GC invocations=11 (full 2):
 PSYoungGen      total 138176K, used 117373K [0x00000000f5560000, 0x0000000100000000, 0x0000000100000000)
  eden space 99392K, 100% used [0x00000000f5560000,0x00000000fb670000,0x00000000fb670000)
  from space 38784K, 46% used [0x00000000fda20000,0x00000000febaf700,0x0000000100000000)
  to   space 36544K, 0% used [0x00000000fb670000,0x00000000fb670000,0x00000000fda20000)
 ParOldGen       total 142464K, used 70081K [0x00000000e0000000, 0x00000000e8b20000, 0x00000000f5560000)
  object space 142464K, 49% used [0x00000000e0000000,0x00000000e44705d8,0x00000000e8b20000)
 PSPermGen       total 35008K, used 34924K [0x00000000dae00000, 0x00000000dd030000, 0x00000000e0000000)
  object space 35008K, 99% used [0x00000000dae00000,0x00000000dd01b138,0x00000000dd030000)
Event: 22.943 GC heap after
Heap after GC invocations=11 (full 2):
 PSYoungGen      total 121344K, used 21939K [0x00000000f5560000, 0x00000000ffc90000, 0x0000000100000000)
  eden space 99392K, 0% used [0x00000000f5560000,0x00000000f5560000,0x00000000fb670000)
  from space 21952K, 99% used [0x00000000fb670000,0x00000000fcbdcfa0,0x00000000fcbe0000)
  to   space 35904K, 0% used [0x00000000fd980000,0x00000000fd980000,0x00000000ffc90000)
 ParOldGen       total 142464K, used 70081K [0x00000000e0000000, 0x00000000e8b20000, 0x00000000f5560000)
  object space 142464K, 49% used [0x00000000e0000000,0x00000000e44705d8,0x00000000e8b20000)
 PSPermGen       total 35008K, used 34924K [0x00000000dae00000, 0x00000000dd030000, 0x00000000e0000000)
  object space 35008K, 99% used [0x00000000dae00000,0x00000000dd01b138,0x00000000dd030000)
}
Event: 530.620 GC heap before
{Heap before GC invocations=12 (full 2):
 PSYoungGen      total 121344K, used 121331K [0x00000000f5560000, 0x00000000ffc90000, 0x0000000100000000)
  eden space 99392K, 100% used [0x00000000f5560000,0x00000000fb670000,0x00000000fb670000)
  from space 21952K, 99% used [0x00000000fb670000,0x00000000fcbdcfa0,0x00000000fcbe0000)
  to   space 35904K, 0% used [0x00000000fd980000,0x00000000fd980000,0x00000000ffc90000)
 ParOldGen       total 142464K, used 70081K [0x00000000e0000000, 0x00000000e8b20000, 0x00000000f5560000)
  object space 142464K, 49% used [0x00000000e0000000,0x00000000e44705d8,0x00000000e8b20000)
 PSPermGen       total 42688K, used 42680K [0x00000000dae00000, 0x00000000dd7b0000, 0x00000000e0000000)
  object space 42688K, 99% used [0x00000000dae00000,0x00000000dd7ae078,0x00000000dd7b0000)
Event: 530.649 GC heap after
Heap after GC invocations=12 (full 2):
 PSYoungGen      total 134912K, used 24840K [0x00000000f5560000, 0x0000000100000000, 0x0000000100000000)
  eden space 99008K, 0% used [0x00000000f5560000,0x00000000f5560000,0x00000000fb610000)
  from space 35904K, 69% used [0x00000000fd980000,0x00000000ff1c2178,0x00000000ffc90000)
  to   space 36288K, 0% used [0x00000000fb610000,0x00000000fb610000,0x00000000fd980000)
 ParOldGen       total 142464K, used 70089K [0x00000000e0000000, 0x00000000e8b20000, 0x00000000f5560000)
  object space 142464K, 49% used [0x00000000e0000000,0x00000000e44725d8,0x00000000e8b20000)
 PSPermGen       total 42688K, used 42680K [0x00000000dae00000, 0x00000000dd7b0000, 0x00000000e0000000)
  object space 42688K, 99% used [0x00000000dae00000,0x00000000dd7ae078,0x00000000dd7b0000)
}

